<?xml version="1.0" encoding="utf-8"?><testsuites><testsuite name="pytest-py312" errors="0" failures="0" skipped="0" tests="91" time="2.207" timestamp="2024-02-16T06:06:04.732051" hostname="c93a620cbfe1"><properties><property name="environment" value="Linux" /><property name="platform" value="PY-3.12.1" /><property name="machine" value="aarch64" /></properties><testcase classname="tests.test_apps_git_client" name="test_git_client_get_project" file="../../Users/whenessel/Development/PycharmProjects/appsurify-testbrain-cli/tests/test_apps_git_client.py" line="7" time="0.005" /><testcase classname="tests.test_apps_git_client" name="test_git_client_header_auth" file="../../Users/whenessel/Development/PycharmProjects/appsurify-testbrain-cli/tests/test_apps_git_client.py" line="33" time="0.001" /><testcase classname="tests.test_apps_git_services_push" name="test_apps_git_service" file="../../Users/whenessel/Development/PycharmProjects/appsurify-testbrain-cli/tests/test_apps_git_services_push.py" line="92" time="0.491" /><testcase classname="tests.test_apps_git_services_push" name="test_apps_git_service_get_commits" file="../../Users/whenessel/Development/PycharmProjects/appsurify-testbrain-cli/tests/test_apps_git_services_push.py" line="225" time="0.265" /><testcase classname="tests.test_apps_git_services_push" name="test_apps_git_service_get_file_tree" file="../../Users/whenessel/Development/PycharmProjects/appsurify-testbrain-cli/tests/test_apps_git_services_push.py" line="352" time="0.486" /><testcase classname="tests.test_apps_git_services_push" name="test_apps_git_service_make_payload" file="../../Users/whenessel/Development/PycharmProjects/appsurify-testbrain-cli/tests/test_apps_git_services_push.py" line="394" time="0.579" /><testcase classname="tests.test_basic" name="test_basic_functionality" file="../../Users/whenessel/Development/PycharmProjects/appsurify-testbrain-cli/tests/test_basic.py" line="8" time="0.002" /><testcase classname="tests.test_basic" name="test_repr" file="../../Users/whenessel/Development/PycharmProjects/appsurify-testbrain-cli/tests/test_basic.py" line="27" time="0.000" /><testcase classname="tests.test_basic" name="test_return_values" file="../../Users/whenessel/Development/PycharmProjects/appsurify-testbrain-cli/tests/test_basic.py" line="45" time="0.000" /><testcase classname="tests.test_basic" name="test_basic_group" file="../../Users/whenessel/Development/PycharmProjects/appsurify-testbrain-cli/tests/test_basic.py" line="55" time="0.001" /><testcase classname="tests.test_basic" name="test_group_commands_dict" file="../../Users/whenessel/Development/PycharmProjects/appsurify-testbrain-cli/tests/test_basic.py" line="81" time="0.001" /><testcase classname="tests.test_basic" name="test_group_from_list" file="../../Users/whenessel/Development/PycharmProjects/appsurify-testbrain-cli/tests/test_basic.py" line="93" time="0.000" /><testcase classname="tests.test_basic" name="test_string_option[args0-S:[no value]]" file="../../Users/whenessel/Development/PycharmProjects/appsurify-testbrain-cli/tests/test_basic.py" line="105" time="0.000" /><testcase classname="tests.test_basic" name="test_string_option[args1-S:[42]]" file="../../Users/whenessel/Development/PycharmProjects/appsurify-testbrain-cli/tests/test_basic.py" line="105" time="0.000" /><testcase classname="tests.test_basic" name="test_string_option[args2-Error: Option '--s' requires an argument.]" file="../../Users/whenessel/Development/PycharmProjects/appsurify-testbrain-cli/tests/test_basic.py" line="105" time="0.000" /><testcase classname="tests.test_basic" name="test_string_option[args3-S:[]]" file="../../Users/whenessel/Development/PycharmProjects/appsurify-testbrain-cli/tests/test_basic.py" line="105" time="0.013" /><testcase classname="tests.test_basic" name="test_string_option[args4-S:[\u2603]]" file="../../Users/whenessel/Development/PycharmProjects/appsurify-testbrain-cli/tests/test_basic.py" line="105" time="0.000" /><testcase classname="tests.test_basic" name="test_int_option[args0-I:[84]]" file="../../Users/whenessel/Development/PycharmProjects/appsurify-testbrain-cli/tests/test_basic.py" line="130" time="0.000" /><testcase classname="tests.test_basic" name="test_int_option[args1-I:[46]]" file="../../Users/whenessel/Development/PycharmProjects/appsurify-testbrain-cli/tests/test_basic.py" line="130" time="0.000" /><testcase classname="tests.test_basic" name="test_int_option[args2-Error: Invalid value for '--i': 'x' is not a valid integer.]" file="../../Users/whenessel/Development/PycharmProjects/appsurify-testbrain-cli/tests/test_basic.py" line="130" time="0.000" /><testcase classname="tests.test_basic" name="test_uuid_option[args0-U:[ba122011-349f-423b-873b-9d6a79c688ab]]" file="../../Users/whenessel/Development/PycharmProjects/appsurify-testbrain-cli/tests/test_basic.py" line="153" time="0.000" /><testcase classname="tests.test_basic" name="test_uuid_option[args1-U:[821592c1-c50e-4971-9cd6-e89dc6832f86]]" file="../../Users/whenessel/Development/PycharmProjects/appsurify-testbrain-cli/tests/test_basic.py" line="153" time="0.000" /><testcase classname="tests.test_basic" name="test_uuid_option[args2-Error: Invalid value for '--u': 'x' is not a valid UUID.]" file="../../Users/whenessel/Development/PycharmProjects/appsurify-testbrain-cli/tests/test_basic.py" line="153" time="0.001" /><testcase classname="tests.test_basic" name="test_float_option[args0-F:[42.0]]" file="../../Users/whenessel/Development/PycharmProjects/appsurify-testbrain-cli/tests/test_basic.py" line="181" time="0.000" /><testcase classname="tests.test_basic" name="test_float_option[--f=23.5-F:[23.5]]" file="../../Users/whenessel/Development/PycharmProjects/appsurify-testbrain-cli/tests/test_basic.py" line="181" time="0.000" /><testcase classname="tests.test_basic" name="test_float_option[--f=x-Error: Invalid value for '--f': 'x' is not a valid float.]" file="../../Users/whenessel/Development/PycharmProjects/appsurify-testbrain-cli/tests/test_basic.py" line="181" time="0.001" /><testcase classname="tests.test_basic" name="test_boolean_switch[args0-True-True]" file="../../Users/whenessel/Development/PycharmProjects/appsurify-testbrain-cli/tests/test_basic.py" line="204" time="0.000" /><testcase classname="tests.test_basic" name="test_boolean_switch[args0-True-False]" file="../../Users/whenessel/Development/PycharmProjects/appsurify-testbrain-cli/tests/test_basic.py" line="204" time="0.000" /><testcase classname="tests.test_basic" name="test_boolean_switch[args1-False-True]" file="../../Users/whenessel/Development/PycharmProjects/appsurify-testbrain-cli/tests/test_basic.py" line="204" time="0.000" /><testcase classname="tests.test_basic" name="test_boolean_switch[args1-False-False]" file="../../Users/whenessel/Development/PycharmProjects/appsurify-testbrain-cli/tests/test_basic.py" line="204" time="0.000" /><testcase classname="tests.test_basic" name="test_boolean_switch[args2-None-True]" file="../../Users/whenessel/Development/PycharmProjects/appsurify-testbrain-cli/tests/test_basic.py" line="204" time="0.000" /><testcase classname="tests.test_basic" name="test_boolean_switch[args2-None-False]" file="../../Users/whenessel/Development/PycharmProjects/appsurify-testbrain-cli/tests/test_basic.py" line="204" time="0.000" /><testcase classname="tests.test_basic" name="test_boolean_flag[args0-True-True]" file="../../Users/whenessel/Development/PycharmProjects/appsurify-testbrain-cli/tests/test_basic.py" line="221" time="0.000" /><testcase classname="tests.test_basic" name="test_boolean_flag[args0-True-False]" file="../../Users/whenessel/Development/PycharmProjects/appsurify-testbrain-cli/tests/test_basic.py" line="221" time="0.000" /><testcase classname="tests.test_basic" name="test_boolean_flag[args1-False-True]" file="../../Users/whenessel/Development/PycharmProjects/appsurify-testbrain-cli/tests/test_basic.py" line="221" time="0.001" /><testcase classname="tests.test_basic" name="test_boolean_flag[args1-False-False]" file="../../Users/whenessel/Development/PycharmProjects/appsurify-testbrain-cli/tests/test_basic.py" line="221" time="0.000" /><testcase classname="tests.test_basic" name="test_boolean_conversion[1-True]" file="../../Users/whenessel/Development/PycharmProjects/appsurify-testbrain-cli/tests/test_basic.py" line="236" time="0.001" /><testcase classname="tests.test_basic" name="test_boolean_conversion[true-True]" file="../../Users/whenessel/Development/PycharmProjects/appsurify-testbrain-cli/tests/test_basic.py" line="236" time="0.001" /><testcase classname="tests.test_basic" name="test_boolean_conversion[t-True]" file="../../Users/whenessel/Development/PycharmProjects/appsurify-testbrain-cli/tests/test_basic.py" line="236" time="0.001" /><testcase classname="tests.test_basic" name="test_boolean_conversion[yes-True]" file="../../Users/whenessel/Development/PycharmProjects/appsurify-testbrain-cli/tests/test_basic.py" line="236" time="0.000" /><testcase classname="tests.test_basic" name="test_boolean_conversion[y-True]" file="../../Users/whenessel/Development/PycharmProjects/appsurify-testbrain-cli/tests/test_basic.py" line="236" time="0.000" /><testcase classname="tests.test_basic" name="test_boolean_conversion[on-True]" file="../../Users/whenessel/Development/PycharmProjects/appsurify-testbrain-cli/tests/test_basic.py" line="236" time="0.000" /><testcase classname="tests.test_basic" name="test_boolean_conversion[0-False]" file="../../Users/whenessel/Development/PycharmProjects/appsurify-testbrain-cli/tests/test_basic.py" line="236" time="0.000" /><testcase classname="tests.test_basic" name="test_boolean_conversion[false-False]" file="../../Users/whenessel/Development/PycharmProjects/appsurify-testbrain-cli/tests/test_basic.py" line="236" time="0.001" /><testcase classname="tests.test_basic" name="test_boolean_conversion[f-False]" file="../../Users/whenessel/Development/PycharmProjects/appsurify-testbrain-cli/tests/test_basic.py" line="236" time="0.000" /><testcase classname="tests.test_basic" name="test_boolean_conversion[no-False]" file="../../Users/whenessel/Development/PycharmProjects/appsurify-testbrain-cli/tests/test_basic.py" line="236" time="0.001" /><testcase classname="tests.test_basic" name="test_boolean_conversion[n-False]" file="../../Users/whenessel/Development/PycharmProjects/appsurify-testbrain-cli/tests/test_basic.py" line="236" time="0.001" /><testcase classname="tests.test_basic" name="test_boolean_conversion[off-False]" file="../../Users/whenessel/Development/PycharmProjects/appsurify-testbrain-cli/tests/test_basic.py" line="236" time="0.001" /><testcase classname="tests.test_basic" name="test_file_option" file="../../Users/whenessel/Development/PycharmProjects/appsurify-testbrain-cli/tests/test_basic.py" line="256" time="0.001" /><testcase classname="tests.test_basic" name="test_file_lazy_mode" file="../../Users/whenessel/Development/PycharmProjects/appsurify-testbrain-cli/tests/test_basic.py" line="277" time="0.001" /><testcase classname="tests.test_basic" name="test_path_option" file="../../Users/whenessel/Development/PycharmProjects/appsurify-testbrain-cli/tests/test_basic.py" line="317" time="0.002" /><testcase classname="tests.test_basic" name="test_choice_option" file="../../Users/whenessel/Development/PycharmProjects/appsurify-testbrain-cli/tests/test_basic.py" line="363" time="0.001" /><testcase classname="tests.test_basic" name="test_choice_argument" file="../../Users/whenessel/Development/PycharmProjects/appsurify-testbrain-cli/tests/test_basic.py" line="384" time="0.001" /><testcase classname="tests.test_basic" name="test_datetime_option_default" file="../../Users/whenessel/Development/PycharmProjects/appsurify-testbrain-cli/tests/test_basic.py" line="405" time="0.005" /><testcase classname="tests.test_basic" name="test_datetime_option_custom" file="../../Users/whenessel/Development/PycharmProjects/appsurify-testbrain-cli/tests/test_basic.py" line="432" time="0.001" /><testcase classname="tests.test_basic" name="test_required_option" file="../../Users/whenessel/Development/PycharmProjects/appsurify-testbrain-cli/tests/test_basic.py" line="443" time="0.000" /><testcase classname="tests.test_basic" name="test_evaluation_order" file="../../Users/whenessel/Development/PycharmProjects/appsurify-testbrain-cli/tests/test_basic.py" line="454" time="0.000" /><testcase classname="tests.test_basic" name="test_hidden_option" file="../../Users/whenessel/Development/PycharmProjects/appsurify-testbrain-cli/tests/test_basic.py" line="497" time="0.000" /><testcase classname="tests.test_basic" name="test_hidden_command" file="../../Users/whenessel/Development/PycharmProjects/appsurify-testbrain-cli/tests/test_basic.py" line="508" time="0.001" /><testcase classname="tests.test_basic" name="test_hidden_group" file="../../Users/whenessel/Development/PycharmProjects/appsurify-testbrain-cli/tests/test_basic.py" line="522" time="0.000" /><testcase classname="tests.test_basic" name="test_summary_line" file="../../Users/whenessel/Development/PycharmProjects/appsurify-testbrain-cli/tests/test_basic.py" line="541" time="0.000" /><testcase classname="tests.test_basic" name="test_help_invalid_default" file="../../Users/whenessel/Development/PycharmProjects/appsurify-testbrain-cli/tests/test_basic.py" line="560" time="0.000" /><testcase classname="tests.test_context" name="test_ensure_context_objects" file="../../Users/whenessel/Development/PycharmProjects/appsurify-testbrain-cli/tests/test_context.py" line="9" time="0.001" /><testcase classname="tests.test_context" name="test_get_context_objects" file="../../Users/whenessel/Development/PycharmProjects/appsurify-testbrain-cli/tests/test_context.py" line="31" time="0.000" /><testcase classname="tests.test_context" name="test_get_context_objects_no_ensuring" file="../../Users/whenessel/Development/PycharmProjects/appsurify-testbrain-cli/tests/test_context.py" line="54" time="0.000" /><testcase classname="tests.test_context" name="test_get_context_objects_missing" file="../../Users/whenessel/Development/PycharmProjects/appsurify-testbrain-cli/tests/test_context.py" line="77" time="0.000" /><testcase classname="tests.test_context" name="test_multi_enter" file="../../Users/whenessel/Development/PycharmProjects/appsurify-testbrain-cli/tests/test_context.py" line="102" time="0.000" /><testcase classname="tests.test_context" name="test_global_context_object" file="../../Users/whenessel/Development/PycharmProjects/appsurify-testbrain-cli/tests/test_context.py" line="122" time="0.000" /><testcase classname="tests.test_context" name="test_context_meta" file="../../Users/whenessel/Development/PycharmProjects/appsurify-testbrain-cli/tests/test_context.py" line="135" time="0.000" /><testcase classname="tests.test_context" name="test_make_pass_meta_decorator" file="../../Users/whenessel/Development/PycharmProjects/appsurify-testbrain-cli/tests/test_context.py" line="154" time="0.000" /><testcase classname="tests.test_context" name="test_make_pass_meta_decorator_doc" file="../../Users/whenessel/Development/PycharmProjects/appsurify-testbrain-cli/tests/test_context.py" line="169" time="0.000" /><testcase classname="tests.test_context" name="test_context_pushing" file="../../Users/whenessel/Development/PycharmProjects/appsurify-testbrain-cli/tests/test_context.py" line="176" time="0.000" /><testcase classname="tests.test_context" name="test_pass_obj" file="../../Users/whenessel/Development/PycharmProjects/appsurify-testbrain-cli/tests/test_context.py" line="202" time="0.000" /><testcase classname="tests.test_context" name="test_close_before_pop" file="../../Users/whenessel/Development/PycharmProjects/appsurify-testbrain-cli/tests/test_context.py" line="218" time="0.000" /><testcase classname="tests.test_context" name="test_with_resource" file="../../Users/whenessel/Development/PycharmProjects/appsurify-testbrain-cli/tests/test_context.py" line="239" time="0.000" /><testcase classname="tests.test_context" name="test_make_pass_decorator_args" file="../../Users/whenessel/Development/PycharmProjects/appsurify-testbrain-cli/tests/test_context.py" line="255" time="0.001" /><testcase classname="tests.test_context" name="test_propagate_show_default_setting" file="../../Users/whenessel/Development/PycharmProjects/appsurify-testbrain-cli/tests/test_context.py" line="292" time="0.000" /><testcase classname="tests.test_context" name="test_exit_not_standalone" file="../../Users/whenessel/Development/PycharmProjects/appsurify-testbrain-cli/tests/test_context.py" line="306" time="0.000" /><testcase classname="tests.test_context" name="test_parameter_source[default]" file="../../Users/whenessel/Development/PycharmProjects/appsurify-testbrain-cli/tests/test_context.py" line="322" time="0.000" /><testcase classname="tests.test_context" name="test_parameter_source[default_map]" file="../../Users/whenessel/Development/PycharmProjects/appsurify-testbrain-cli/tests/test_context.py" line="322" time="0.001" /><testcase classname="tests.test_context" name="test_parameter_source[commandline short]" file="../../Users/whenessel/Development/PycharmProjects/appsurify-testbrain-cli/tests/test_context.py" line="322" time="0.001" /><testcase classname="tests.test_context" name="test_parameter_source[commandline long]" file="../../Users/whenessel/Development/PycharmProjects/appsurify-testbrain-cli/tests/test_context.py" line="322" time="0.001" /><testcase classname="tests.test_context" name="test_parameter_source[environment auto]" file="../../Users/whenessel/Development/PycharmProjects/appsurify-testbrain-cli/tests/test_context.py" line="322" time="0.000" /><testcase classname="tests.test_context" name="test_parameter_source[environment manual]" file="../../Users/whenessel/Development/PycharmProjects/appsurify-testbrain-cli/tests/test_context.py" line="322" time="0.000" /><testcase classname="tests.test_context" name="test_propagate_opt_prefixes" file="../../Users/whenessel/Development/PycharmProjects/appsurify-testbrain-cli/tests/test_context.py" line="369" time="0.000" /><testcase classname="tests.test_custom_classes" name="test_command_context_class" file="../../Users/whenessel/Development/PycharmProjects/appsurify-testbrain-cli/tests/test_custom_classes.py" line="3" time="0.000" /><testcase classname="tests.test_custom_classes" name="test_context_invoke_type" file="../../Users/whenessel/Development/PycharmProjects/appsurify-testbrain-cli/tests/test_custom_classes.py" line="19" time="0.000" /><testcase classname="tests.test_custom_classes" name="test_context_formatter_class" file="../../Users/whenessel/Development/PycharmProjects/appsurify-testbrain-cli/tests/test_custom_classes.py" line="46" time="0.001" /><testcase classname="tests.test_custom_classes" name="test_group_command_class" file="../../Users/whenessel/Development/PycharmProjects/appsurify-testbrain-cli/tests/test_custom_classes.py" line="65" time="0.000" /><testcase classname="tests.test_custom_classes" name="test_group_group_class" file="../../Users/whenessel/Development/PycharmProjects/appsurify-testbrain-cli/tests/test_custom_classes.py" line="83" time="0.000" /><testcase classname="tests.test_custom_classes" name="test_group_group_class_self" file="../../Users/whenessel/Development/PycharmProjects/appsurify-testbrain-cli/tests/test_custom_classes.py" line="101" time="0.001" /></testsuite></testsuites>