<?xml version="1.0" encoding="utf-8"?><testsuites><testsuite name="pytest-py39" errors="0" failures="0" skipped="0" tests="91" time="2.208" timestamp="2024-02-16T06:06:04.780621" hostname="3e32733e07f2"><properties><property name="environment" value="Linux" /><property name="platform" value="PY-3.9.18" /><property name="machine" value="aarch64" /></properties><testcase classname="tests.test_apps_git_client" name="test_git_client_get_project" file="tests/test_apps_git_client.py" line="7" time="0.007" /><testcase classname="tests.test_apps_git_client" name="test_git_client_header_auth" file="tests/test_apps_git_client.py" line="33" time="0.001" /><testcase classname="tests.test_apps_git_services_push" name="test_apps_git_service" file="tests/test_apps_git_services_push.py" line="92" time="0.645" /><testcase classname="tests.test_apps_git_services_push" name="test_apps_git_service_get_commits" file="tests/test_apps_git_services_push.py" line="225" time="0.462" /><testcase classname="tests.test_apps_git_services_push" name="test_apps_git_service_get_file_tree" file="tests/test_apps_git_services_push.py" line="352" time="0.124" /><testcase classname="tests.test_apps_git_services_push" name="test_apps_git_service_make_payload" file="tests/test_apps_git_services_push.py" line="394" time="0.572" /><testcase classname="tests.test_basic" name="test_basic_functionality" file="tests/test_basic.py" line="8" time="0.003" /><testcase classname="tests.test_basic" name="test_repr" file="tests/test_basic.py" line="27" time="0.000" /><testcase classname="tests.test_basic" name="test_return_values" file="tests/test_basic.py" line="45" time="0.000" /><testcase classname="tests.test_basic" name="test_basic_group" file="tests/test_basic.py" line="55" time="0.001" /><testcase classname="tests.test_basic" name="test_group_commands_dict" file="tests/test_basic.py" line="81" time="0.001" /><testcase classname="tests.test_basic" name="test_group_from_list" file="tests/test_basic.py" line="93" time="0.001" /><testcase classname="tests.test_basic" name="test_string_option[args0-S:[no value]]" file="tests/test_basic.py" line="105" time="0.001" /><testcase classname="tests.test_basic" name="test_string_option[args1-S:[42]]" file="tests/test_basic.py" line="105" time="0.001" /><testcase classname="tests.test_basic" name="test_string_option[args2-Error: Option '--s' requires an argument.]" file="tests/test_basic.py" line="105" time="0.001" /><testcase classname="tests.test_basic" name="test_string_option[args3-S:[]]" file="tests/test_basic.py" line="105" time="0.001" /><testcase classname="tests.test_basic" name="test_string_option[args4-S:[\u2603]]" file="tests/test_basic.py" line="105" time="0.001" /><testcase classname="tests.test_basic" name="test_int_option[args0-I:[84]]" file="tests/test_basic.py" line="130" time="0.001" /><testcase classname="tests.test_basic" name="test_int_option[args1-I:[46]]" file="tests/test_basic.py" line="130" time="0.001" /><testcase classname="tests.test_basic" name="test_int_option[args2-Error: Invalid value for '--i': 'x' is not a valid integer.]" file="tests/test_basic.py" line="130" time="0.001" /><testcase classname="tests.test_basic" name="test_uuid_option[args0-U:[ba122011-349f-423b-873b-9d6a79c688ab]]" file="tests/test_basic.py" line="153" time="0.001" /><testcase classname="tests.test_basic" name="test_uuid_option[args1-U:[821592c1-c50e-4971-9cd6-e89dc6832f86]]" file="tests/test_basic.py" line="153" time="0.001" /><testcase classname="tests.test_basic" name="test_uuid_option[args2-Error: Invalid value for '--u': 'x' is not a valid UUID.]" file="tests/test_basic.py" line="153" time="0.001" /><testcase classname="tests.test_basic" name="test_float_option[args0-F:[42.0]]" file="tests/test_basic.py" line="181" time="0.001" /><testcase classname="tests.test_basic" name="test_float_option[--f=23.5-F:[23.5]]" file="tests/test_basic.py" line="181" time="0.001" /><testcase classname="tests.test_basic" name="test_float_option[--f=x-Error: Invalid value for '--f': 'x' is not a valid float.]" file="tests/test_basic.py" line="181" time="0.001" /><testcase classname="tests.test_basic" name="test_boolean_switch[args0-True-True]" file="tests/test_basic.py" line="204" time="0.001" /><testcase classname="tests.test_basic" name="test_boolean_switch[args0-True-False]" file="tests/test_basic.py" line="204" time="0.001" /><testcase classname="tests.test_basic" name="test_boolean_switch[args1-False-True]" file="tests/test_basic.py" line="204" time="0.001" /><testcase classname="tests.test_basic" name="test_boolean_switch[args1-False-False]" file="tests/test_basic.py" line="204" time="0.001" /><testcase classname="tests.test_basic" name="test_boolean_switch[args2-None-True]" file="tests/test_basic.py" line="204" time="0.000" /><testcase classname="tests.test_basic" name="test_boolean_switch[args2-None-False]" file="tests/test_basic.py" line="204" time="0.000" /><testcase classname="tests.test_basic" name="test_boolean_flag[args0-True-True]" file="tests/test_basic.py" line="221" time="0.001" /><testcase classname="tests.test_basic" name="test_boolean_flag[args0-True-False]" file="tests/test_basic.py" line="221" time="0.001" /><testcase classname="tests.test_basic" name="test_boolean_flag[args1-False-True]" file="tests/test_basic.py" line="221" time="0.001" /><testcase classname="tests.test_basic" name="test_boolean_flag[args1-False-False]" file="tests/test_basic.py" line="221" time="0.000" /><testcase classname="tests.test_basic" name="test_boolean_conversion[1-True]" file="tests/test_basic.py" line="236" time="0.001" /><testcase classname="tests.test_basic" name="test_boolean_conversion[true-True]" file="tests/test_basic.py" line="236" time="0.001" /><testcase classname="tests.test_basic" name="test_boolean_conversion[t-True]" file="tests/test_basic.py" line="236" time="0.001" /><testcase classname="tests.test_basic" name="test_boolean_conversion[yes-True]" file="tests/test_basic.py" line="236" time="0.001" /><testcase classname="tests.test_basic" name="test_boolean_conversion[y-True]" file="tests/test_basic.py" line="236" time="0.001" /><testcase classname="tests.test_basic" name="test_boolean_conversion[on-True]" file="tests/test_basic.py" line="236" time="0.001" /><testcase classname="tests.test_basic" name="test_boolean_conversion[0-False]" file="tests/test_basic.py" line="236" time="0.001" /><testcase classname="tests.test_basic" name="test_boolean_conversion[false-False]" file="tests/test_basic.py" line="236" time="0.001" /><testcase classname="tests.test_basic" name="test_boolean_conversion[f-False]" file="tests/test_basic.py" line="236" time="0.001" /><testcase classname="tests.test_basic" name="test_boolean_conversion[no-False]" file="tests/test_basic.py" line="236" time="0.001" /><testcase classname="tests.test_basic" name="test_boolean_conversion[n-False]" file="tests/test_basic.py" line="236" time="0.001" /><testcase classname="tests.test_basic" name="test_boolean_conversion[off-False]" file="tests/test_basic.py" line="236" time="0.001" /><testcase classname="tests.test_basic" name="test_file_option" file="tests/test_basic.py" line="256" time="0.002" /><testcase classname="tests.test_basic" name="test_file_lazy_mode" file="tests/test_basic.py" line="277" time="0.002" /><testcase classname="tests.test_basic" name="test_path_option" file="tests/test_basic.py" line="317" time="0.002" /><testcase classname="tests.test_basic" name="test_choice_option" file="tests/test_basic.py" line="363" time="0.001" /><testcase classname="tests.test_basic" name="test_choice_argument" file="tests/test_basic.py" line="384" time="0.001" /><testcase classname="tests.test_basic" name="test_datetime_option_default" file="tests/test_basic.py" line="405" time="0.006" /><testcase classname="tests.test_basic" name="test_datetime_option_custom" file="tests/test_basic.py" line="432" time="0.001" /><testcase classname="tests.test_basic" name="test_required_option" file="tests/test_basic.py" line="443" time="0.001" /><testcase classname="tests.test_basic" name="test_evaluation_order" file="tests/test_basic.py" line="454" time="0.000" /><testcase classname="tests.test_basic" name="test_hidden_option" file="tests/test_basic.py" line="497" time="0.001" /><testcase classname="tests.test_basic" name="test_hidden_command" file="tests/test_basic.py" line="508" time="0.001" /><testcase classname="tests.test_basic" name="test_hidden_group" file="tests/test_basic.py" line="522" time="0.001" /><testcase classname="tests.test_basic" name="test_summary_line" file="tests/test_basic.py" line="541" time="0.001" /><testcase classname="tests.test_basic" name="test_help_invalid_default" file="tests/test_basic.py" line="560" time="0.001" /><testcase classname="tests.test_context" name="test_ensure_context_objects" file="tests/test_context.py" line="9" time="0.001" /><testcase classname="tests.test_context" name="test_get_context_objects" file="tests/test_context.py" line="31" time="0.001" /><testcase classname="tests.test_context" name="test_get_context_objects_no_ensuring" file="tests/test_context.py" line="54" time="0.001" /><testcase classname="tests.test_context" name="test_get_context_objects_missing" file="tests/test_context.py" line="77" time="0.000" /><testcase classname="tests.test_context" name="test_multi_enter" file="tests/test_context.py" line="102" time="0.001" /><testcase classname="tests.test_context" name="test_global_context_object" file="tests/test_context.py" line="122" time="0.001" /><testcase classname="tests.test_context" name="test_context_meta" file="tests/test_context.py" line="135" time="0.000" /><testcase classname="tests.test_context" name="test_make_pass_meta_decorator" file="tests/test_context.py" line="154" time="0.001" /><testcase classname="tests.test_context" name="test_make_pass_meta_decorator_doc" file="tests/test_context.py" line="169" time="0.000" /><testcase classname="tests.test_context" name="test_context_pushing" file="tests/test_context.py" line="176" time="0.000" /><testcase classname="tests.test_context" name="test_pass_obj" file="tests/test_context.py" line="202" time="0.001" /><testcase classname="tests.test_context" name="test_close_before_pop" file="tests/test_context.py" line="218" time="0.001" /><testcase classname="tests.test_context" name="test_with_resource" file="tests/test_context.py" line="239" time="0.000" /><testcase classname="tests.test_context" name="test_make_pass_decorator_args" file="tests/test_context.py" line="255" time="0.001" /><testcase classname="tests.test_context" name="test_propagate_show_default_setting" file="tests/test_context.py" line="292" time="0.002" /><testcase classname="tests.test_context" name="test_exit_not_standalone" file="tests/test_context.py" line="306" time="0.001" /><testcase classname="tests.test_context" name="test_parameter_source[default]" file="tests/test_context.py" line="322" time="0.001" /><testcase classname="tests.test_context" name="test_parameter_source[default_map]" file="tests/test_context.py" line="322" time="0.001" /><testcase classname="tests.test_context" name="test_parameter_source[commandline short]" file="tests/test_context.py" line="322" time="0.001" /><testcase classname="tests.test_context" name="test_parameter_source[commandline long]" file="tests/test_context.py" line="322" time="0.001" /><testcase classname="tests.test_context" name="test_parameter_source[environment auto]" file="tests/test_context.py" line="322" time="0.001" /><testcase classname="tests.test_context" name="test_parameter_source[environment manual]" file="tests/test_context.py" line="322" time="0.001" /><testcase classname="tests.test_context" name="test_propagate_opt_prefixes" file="tests/test_context.py" line="369" time="0.000" /><testcase classname="tests.test_custom_classes" name="test_command_context_class" file="tests/test_custom_classes.py" line="3" time="0.000" /><testcase classname="tests.test_custom_classes" name="test_context_invoke_type" file="tests/test_custom_classes.py" line="19" time="0.001" /><testcase classname="tests.test_custom_classes" name="test_context_formatter_class" file="tests/test_custom_classes.py" line="46" time="0.001" /><testcase classname="tests.test_custom_classes" name="test_group_command_class" file="tests/test_custom_classes.py" line="65" time="0.000" /><testcase classname="tests.test_custom_classes" name="test_group_group_class" file="tests/test_custom_classes.py" line="83" time="0.000" /><testcase classname="tests.test_custom_classes" name="test_group_group_class_self" file="tests/test_custom_classes.py" line="101" time="0.002" /></testsuite></testsuites>